<?xml version="1.0" encoding="UTF-8"?>
<testng-results ignored="0" total="2" passed="2" failed="0" skipped="0">
  <reporter-output>
  </reporter-output>
  <suite started-at="2023-12-11T19:08:50 BDT" name="Default suite" finished-at="2023-12-11T19:08:55 BDT" duration-ms="4611">
    <groups>
    </groups>
    <test started-at="2023-12-11T19:08:50 BDT" name="Default test" finished-at="2023-12-11T19:08:55 BDT" duration-ms="4611">
      <class name="batch11annotation.AnnotationProject">
        <test-method is-config="true" signature="init()[pri:0, instance:batch11annotation.AnnotationProject@dbf57b3]" started-at="2023-12-11T19:08:51 BDT" name="init" finished-at="2023-12-11T19:08:54 BDT" duration-ms="3867" status="PASS">
          <reporter-output>
          </reporter-output>
        </test-method> <!-- init -->
        <test-method signature="TestUrl()[pri:1, instance:batch11annotation.AnnotationProject@dbf57b3]" started-at="2023-12-11T19:08:54 BDT" name="TestUrl" finished-at="2023-12-11T19:08:54 BDT" duration-ms="6" status="PASS">
          <reporter-output>
          </reporter-output>
        </test-method> <!-- TestUrl -->
        <test-method signature="TestTitle()[pri:2, instance:batch11annotation.AnnotationProject@dbf57b3]" started-at="2023-12-11T19:08:54 BDT" name="TestTitle" finished-at="2023-12-11T19:08:54 BDT" duration-ms="5" status="PASS">
          <reporter-output>
          </reporter-output>
        </test-method> <!-- TestTitle -->
        <test-method is-config="true" signature="closewindow()[pri:0, instance:batch11annotation.AnnotationProject@dbf57b3]" started-at="2023-12-11T19:08:54 BDT" name="closewindow" finished-at="2023-12-11T19:08:55 BDT" duration-ms="712" status="PASS">
          <reporter-output>
          </reporter-output>
        </test-method> <!-- closewindow -->
      </class> <!-- batch11annotation.AnnotationProject -->
    </test> <!-- Default test -->
  </suite> <!-- Default suite -->
</testng-results>
